#
# A fatal error has been detected by the Java Runtime Environment:
#
#  SIGSEGV (0xb) at pc=0x00007faba4b9fc0c, pid=9097, tid=9111
#
# JRE version: OpenJDK Runtime Environment (11.0.3+7) (build 11.0.3+7-Ubuntu-1ubuntu218.04.1)
# Java VM: OpenJDK 64-Bit Server VM (11.0.3+7-Ubuntu-1ubuntu218.04.1, mixed mode, tiered, compressed oops, g1 gc, linux-amd64)
# Problematic frame:
# V  [libjvm.so+0x7b8c0c]
#
# Core dump will be written. Default location: Core dumps may be processed with "/usr/share/apport/apport %p %s %c %d %P" (or dumping to /home/everton/git/Navegador/Navegador/core.9097)
#
# If you would like to submit a bug report, please visit:
#   http://bugreport.java.com/bugreport/crash.jsp
#

---------------  S U M M A R Y ------------

Command Line: -agentlib:jdwp=transport=dt_socket,suspend=y,address=localhost:46107 -javaagent:/home/everton/Downloads/eclipse-linux-x64/configuration/org.eclipse.osgi/219/0/.cp/lib/javaagent-shaded.jar -Dfile.encoding=UTF-8 webcrawler.parser.Teste

Host: Intel(R) Core(TM) i7-3537U CPU @ 2.00GHz, 4 cores, 5G, Linux Mint 19.1 Tessa
Time: Sat Jun 22 21:40:51 2019 -03 elapsed time: 457 seconds (0d 0h 7m 37s)

---------------  T H R E A D  ---------------

Current thread (0x00007fab9c176000):  VMThread "VM Thread" [stack: 0x00007faba02ea000,0x00007faba03ea000] [id=9111]

Stack: [0x00007faba02ea000,0x00007faba03ea000],  sp=0x00007faba03e8560,  free space=1017k
Native frames: (J=compiled Java code, A=aot compiled Java code, j=interpreted, Vv=VM code, C=native code)
V  [libjvm.so+0x7b8c0c]
V  [libjvm.so+0x7bb47c]
V  [libjvm.so+0x7bdfdd]
V  [libjvm.so+0x7be389]
V  [libjvm.so+0xbaa70a]
V  [libjvm.so+0xbaac8b]
V  [libjvm.so+0xb38df6]
V  [libjvm.so+0x9cf6fc]
V  [libjvm.so+0xdebbd8]
V  [libjvm.so+0xde9466]
V  [libjvm.so+0xde992e]
V  [libjvm.so+0xde9d53]
V  [libjvm.so+0xd7805a]
V  [libjvm.so+0xbc238e]


siginfo: si_signo: 11 (SIGSEGV), si_code: 1 (SEGV_MAPERR), si_addr: 0x0000000000000006

Register to memory mapping:

RAX=0x0 is NULL
RBX=0x00007faba03e8830 points into unknown readable memory: c0 ef 6b a5 ab 7f 00 00
RCX=0x00007faba5285440: <offset 0x0000000000e9e440> in /usr/lib/jvm/java-11-openjdk-amd64/lib/server/libjvm.so at 0x00007faba43e7000
RDX=0x0 is NULL
RSP=0x00007faba03e8560 points into unknown readable memory: 14 00 00 00 00 00 00 00
RBP=0x00007faba03e85d0 points into unknown readable memory: 90 86 3e a0 ab 7f 00 00
RSI=0x0 is NULL
RDI=0x00007faba0c4d5b0 is pointing into metadata
R8 =0x0000000046000031 is an unknown value
R9 =0x00007fab9c122f74 points into unknown readable memory: 00 00 00 47
R10=0x00007fab9c122ef0 points into unknown readable memory: 00 00 00 47 03 00 00 46
R11=
[error occurred during error reporting (printing register info), id 0xb, SIGSEGV (0xb) at pc=0x00007faba4b0ecf0]

Registers:
RAX=0x0000000000000000, RBX=0x00007faba03e8830, RCX=0x00007faba5285440, RDX=0x0000000000000000
RSP=0x00007faba03e8560, RBP=0x00007faba03e85d0, RSI=0x0000000000000000, RDI=0x00007faba0c4d5b0
R8 =0x0000000046000031, R9 =0x00007fab9c122f74, R10=0x00007fab9c122ef0, R11=0x00000000efffff01
R12=0x00007faba0c4d5b0, R13=0x000000000000003c, R14=0x00007faba0c4dc04, R15=0x00007faba03e8830
RIP=0x00007faba4b9fc0c, EFLAGS=0x0000000000010202, CSGSFS=0x002b000000000033, ERR=0x0000000000000004
  TRAPNO=0x000000000000000e

Top of Stack: (sp=0x00007faba03e8560)
0x00007faba03e8560:   0000000000000014 00007faba03e8740
0x00007faba03e8570:   0000000046000000 00000000a4b9fc7e
0x00007faba03e8580:   8fffffff46000031 8fffffff8fffffff
0x00007faba03e8590:   000000008fffffff 0000000000000001 

Instructions: (pc=0x00007faba4b9fc0c)
0x00007faba4b9fbec:   8b 40 08 4c 8b 60 08 4c 89 e7 e8 d5 81 e8 ff 4c
0x00007faba4b9fbfc:   89 e7 89 c6 e8 8b 83 e8 ff 48 98 49 8b 44 c4 40
0x00007faba4b9fc0c:   0f b6 40 06 3c 4c 0f 84 a3 21 00 00 3c 5b 0f 84
0x00007faba4b9fc1c:   9b 21 00 00 3c 4a 0f 84 e7 22 00 00 3c 44 0f 84 

Stack slot to memory mapping:
stack at sp + 0 slots: 0x0000000000000014 is an unknown value
stack at sp + 1 slots: 0x00007faba03e8740 points into unknown readable memory: c0 87 3e a0 ab 7f 00 00
stack at sp + 2 slots: 0x0000000046000000 is an unknown value
stack at sp + 3 slots: 0x00000000a4b9fc7e is an unknown value
stack at sp + 4 slots: 0x8fffffff46000031 is an unknown value
stack at sp + 5 slots: 0x8fffffff8fffffff is an unknown value
stack at sp + 6 slots: 0x000000008fffffff is an unknown value
stack at sp + 7 slots: 0x0000000000000001 is an unknown value

VM_Operation (0x00007fab841978a0): GetOrSetLocal, mode: safepoint, requested by thread 0x00007fab9c293800


---------------  P R O C E S S  ---------------

Threads class SMR info:
_java_thread_list=0x00007fab9c37c600, length=12, elements={
0x00007fab9c014000, 0x00007fab9c17e000, 0x00007fab9c182000, 0x00007fab9c194800,
0x00007fab9c196800, 0x00007fab9c199000, 0x00007fab9c19b000, 0x00007fab9c240000,
0x00007fab9c293800, 0x00007fab9c297800, 0x00007fab48001800, 0x00007fab9c37a800
}

Java Threads: ( => current thread )
  0x00007fab9c014000 JavaThread "main" [_thread_blocked, id=9105, stack(0x00007faba6544000,0x00007faba6645000)]
  0x00007fab9c17e000 JavaThread "Reference Handler" daemon [_thread_blocked, id=9112, stack(0x00007faba01e7000,0x00007faba02e8000)]
  0x00007fab9c182000 JavaThread "Finalizer" daemon [_thread_blocked, id=9113, stack(0x00007faba00e6000,0x00007faba01e7000)]
  0x00007fab9c194800 JavaThread "Signal Dispatcher" daemon [_thread_blocked, id=9114, stack(0x00007fab8459d000,0x00007fab8469e000)]
  0x00007fab9c196800 JavaThread "C2 CompilerThread0" daemon [_thread_blocked, id=9115, stack(0x00007fab8449c000,0x00007fab8459d000)]
  0x00007fab9c199000 JavaThread "C1 CompilerThread0" daemon [_thread_blocked, id=9116, stack(0x00007fab8439b000,0x00007fab8449c000)]
  0x00007fab9c19b000 JavaThread "Sweeper thread" daemon [_thread_blocked, id=9117, stack(0x00007fab8429a000,0x00007fab8439b000)]
  0x00007fab9c240000 JavaThread "Common-Cleaner" daemon [_thread_blocked, id=9119, stack(0x00007fab84199000,0x00007fab8429a000)]
  0x00007fab9c293800 JavaThread "JDWP Transport Listener: dt_socket" daemon [_thread_blocked, id=9121, stack(0x00007fab84098000,0x00007fab84199000)] _threads_hazard_ptr=0x00007fab9c37c600
  0x00007fab9c297800 JavaThread "JDWP Event Helper Thread" daemon [_thread_blocked, id=9124, stack(0x00007fab7cfb9000,0x00007fab7d0ba000)]
  0x00007fab48001800 JavaThread "JDWP Command Reader" daemon [_thread_in_native, id=9125, stack(0x00007fab7ceb8000,0x00007fab7cfb9000)]
  0x00007fab9c37a800 JavaThread "Service Thread" daemon [_thread_blocked, id=9128, stack(0x00007fab7c98f000,0x00007fab7ca90000)]

Other Threads:
=>0x00007fab9c176000 VMThread "VM Thread" [stack: 0x00007faba02ea000,0x00007faba03ea000] [id=9111]
  0x00007fab9c382800 WatcherThread [stack: 0x00007fab7c88f000,0x00007fab7c98f000] [id=9129]
  0x00007fab9c02a000 GCTaskThread "GC Thread#0" [stack: 0x00007faba20f9000,0x00007faba21f9000] [id=9106]
  0x00007fab9c04f800 ConcurrentGCThread "G1 Main Marker" [stack: 0x00007faba1377000,0x00007faba1477000] [id=9107]
  0x00007fab9c051800 ConcurrentGCThread "G1 Conc#0" [stack: 0x00007faba1275000,0x00007faba1375000] [id=9108]
  0x00007fab9c0ae000 ConcurrentGCThread "G1 Refine#0" [stack: 0x00007faba0d6f000,0x00007faba0e6f000] [id=9109]
  0x00007fab9c0af800 ConcurrentGCThread "G1 Young RemSet Sampling" [stack: 0x00007faba0c6d000,0x00007faba0d6d000] [id=9110]

Threads with active compile tasks:

VM state:at safepoint (normal execution)

VM Mutex/Monitor currently owned by a thread:  ([mutex/lock_event])
[0x00007fab9c00fcb0] Threads_lock - owner thread: 0x00007fab9c176000

Heap address: 0x00000000a5800000, size: 1448 MB, Compressed Oops mode: 32-bit
Narrow klass base: 0x0000000000000000, Narrow klass shift: 3
Compressed class space size: 1073741824 Address: 0x0000000100000000

Heap:
 garbage-first heap   total 94208K, used 6144K [0x00000000a5800000, 0x0000000100000000)
  region size 1024K, 7 young (7168K), 0 survivors (0K)
 Metaspace       used 9172K, capacity 9294K, committed 9600K, reserved 1058816K
  class space    used 804K, capacity 843K, committed 896K, reserved 1048576K
Heap Regions: E=young(eden), S=young(survivor), O=old, HS=humongous(starts), HC=humongous(continues), CS=collection set, F=free, A=archive, TAMS=top-at-mark-start (previous, next)
|   0|0x00000000a5800000, 0x00000000a5800000, 0x00000000a5900000|  0%| F|  |TAMS 0x00000000a5800000, 0x00000000a5800000| Untracked 
|   1|0x00000000a5900000, 0x00000000a5900000, 0x00000000a5a00000|  0%| F|  |TAMS 0x00000000a5900000, 0x00000000a5900000| Untracked 
|   2|0x00000000a5a00000, 0x00000000a5a00000, 0x00000000a5b00000|  0%| F|  |TAMS 0x00000000a5a00000, 0x00000000a5a00000| Untracked 
|   3|0x00000000a5b00000, 0x00000000a5b00000, 0x00000000a5c00000|  0%| F|  |TAMS 0x00000000a5b00000, 0x00000000a5b00000| Untracked 
|   4|0x00000000a5c00000, 0x00000000a5c00000, 0x00000000a5d00000|  0%| F|  |TAMS 0x00000000a5c00000, 0x00000000a5c00000| Untracked 
|   5|0x00000000a5d00000, 0x00000000a5d00000, 0x00000000a5e00000|  0%| F|  |TAMS 0x00000000a5d00000, 0x00000000a5d00000| Untracked 
|   6|0x00000000a5e00000, 0x00000000a5e00000, 0x00000000a5f00000|  0%| F|  |TAMS 0x00000000a5e00000, 0x00000000a5e00000| Untracked 
|   7|0x00000000a5f00000, 0x00000000a5f00000, 0x00000000a6000000|  0%| F|  |TAMS 0x00000000a5f00000, 0x00000000a5f00000| Untracked 
|   8|0x00000000a6000000, 0x00000000a6000000, 0x00000000a6100000|  0%| F|  |TAMS 0x00000000a6000000, 0x00000000a6000000| Untracked 
|   9|0x00000000a6100000, 0x00000000a6100000, 0x00000000a6200000|  0%| F|  |TAMS 0x00000000a6100000, 0x00000000a6100000| Untracked 
|  10|0x00000000a6200000, 0x00000000a6200000, 0x00000000a6300000|  0%| F|  |TAMS 0x00000000a6200000, 0x00000000a6200000| Untracked 
|  11|0x00000000a6300000, 0x00000000a6300000, 0x00000000a6400000|  0%| F|  |TAMS 0x00000000a6300000, 0x00000000a6300000| Untracked 
|  12|0x00000000a6400000, 0x00000000a6400000, 0x00000000a6500000|  0%| F|  |TAMS 0x00000000a6400000, 0x00000000a6400000| Untracked 
|  13|0x00000000a6500000, 0x00000000a6500000, 0x00000000a6600000|  0%| F|  |TAMS 0x00000000a6500000, 0x00000000a6500000| Untracked 
|  14|0x00000000a6600000, 0x00000000a6600000, 0x00000000a6700000|  0%| F|  |TAMS 0x00000000a6600000, 0x00000000a6600000| Untracked 
|  15|0x00000000a6700000, 0x00000000a6700000, 0x00000000a6800000|  0%| F|  |TAMS 0x00000000a6700000, 0x00000000a6700000| Untracked 
|  16|0x00000000a6800000, 0x00000000a6800000, 0x00000000a6900000|  0%| F|  |TAMS 0x00000000a6800000, 0x00000000a6800000| Untracked 
|  17|0x00000000a6900000, 0x00000000a6900000, 0x00000000a6a00000|  0%| F|  |TAMS 0x00000000a6900000, 0x00000000a6900000| Untracked 
|  18|0x00000000a6a00000, 0x00000000a6a00000, 0x00000000a6b00000|  0%| F|  |TAMS 0x00000000a6a00000, 0x00000000a6a00000| Untracked 
|  19|0x00000000a6b00000, 0x00000000a6b00000, 0x00000000a6c00000|  0%| F|  |TAMS 0x00000000a6b00000, 0x00000000a6b00000| Untracked 
|  20|0x00000000a6c00000, 0x00000000a6c00000, 0x00000000a6d00000|  0%| F|  |TAMS 0x00000000a6c00000, 0x00000000a6c00000| Untracked 
|  21|0x00000000a6d00000, 0x00000000a6d00000, 0x00000000a6e00000|  0%| F|  |TAMS 0x00000000a6d00000, 0x00000000a6d00000| Untracked 
|  22|0x00000000a6e00000, 0x00000000a6e00000, 0x00000000a6f00000|  0%| F|  |TAMS 0x00000000a6e00000, 0x00000000a6e00000| Untracked 
|  23|0x00000000a6f00000, 0x00000000a6f00000, 0x00000000a7000000|  0%| F|  |TAMS 0x00000000a6f00000, 0x00000000a6f00000| Untracked 
|  24|0x00000000a7000000, 0x00000000a7000000, 0x00000000a7100000|  0%| F|  |TAMS 0x00000000a7000000, 0x00000000a7000000| Untracked 
|  25|0x00000000a7100000, 0x00000000a7100000, 0x00000000a7200000|  0%| F|  |TAMS 0x00000000a7100000, 0x00000000a7100000| Untracked 
|  26|0x00000000a7200000, 0x00000000a7200000, 0x00000000a7300000|  0%| F|  |TAMS 0x00000000a7200000, 0x00000000a7200000| Untracked 
|  27|0x00000000a7300000, 0x00000000a7300000, 0x00000000a7400000|  0%| F|  |TAMS 0x00000000a7300000, 0x00000000a7300000| Untracked 
|  28|0x00000000a7400000, 0x00000000a7400000, 0x00000000a7500000|  0%| F|  |TAMS 0x00000000a7400000, 0x00000000a7400000| Untracked 
|  29|0x00000000a7500000, 0x00000000a7500000, 0x00000000a7600000|  0%| F|  |TAMS 0x00000000a7500000, 0x00000000a7500000| Untracked 
|  30|0x00000000a7600000, 0x00000000a7600000, 0x00000000a7700000|  0%| F|  |TAMS 0x00000000a7600000, 0x00000000a7600000| Untracked 
|  31|0x00000000a7700000, 0x00000000a7700000, 0x00000000a7800000|  0%| F|  |TAMS 0x00000000a7700000, 0x00000000a7700000| Untracked 
|  32|0x00000000a7800000, 0x00000000a7800000, 0x00000000a7900000|  0%| F|  |TAMS 0x00000000a7800000, 0x00000000a7800000| Untracked 
|  33|0x00000000a7900000, 0x00000000a7900000, 0x00000000a7a00000|  0%| F|  |TAMS 0x00000000a7900000, 0x00000000a7900000| Untracked 
|  34|0x00000000a7a00000, 0x00000000a7a00000, 0x00000000a7b00000|  0%| F|  |TAMS 0x00000000a7a00000, 0x00000000a7a00000| Untracked 
|  35|0x00000000a7b00000, 0x00000000a7b00000, 0x00000000a7c00000|  0%| F|  |TAMS 0x00000000a7b00000, 0x00000000a7b00000| Untracked 
|  36|0x00000000a7c00000, 0x00000000a7c00000, 0x00000000a7d00000|  0%| F|  |TAMS 0x00000000a7c00000, 0x00000000a7c00000| Untracked 
|  37|0x00000000a7d00000, 0x00000000a7d00000, 0x00000000a7e00000|  0%| F|  |TAMS 0x00000000a7d00000, 0x00000000a7d00000| Untracked 
|  38|0x00000000a7e00000, 0x00000000a7e00000, 0x00000000a7f00000|  0%| F|  |TAMS 0x00000000a7e00000, 0x00000000a7e00000| Untracked 
|  39|0x00000000a7f00000, 0x00000000a7f00000, 0x00000000a8000000|  0%| F|  |TAMS 0x00000000a7f00000, 0x00000000a7f00000| Untracked 
|  40|0x00000000a8000000, 0x00000000a8000000, 0x00000000a8100000|  0%| F|  |TAMS 0x00000000a8000000, 0x00000000a8000000| Untracked 
|  41|0x00000000a8100000, 0x00000000a8100000, 0x00000000a8200000|  0%| F|  |TAMS 0x00000000a8100000, 0x00000000a8100000| Untracked 
|  42|0x00000000a8200000, 0x00000000a8200000, 0x00000000a8300000|  0%| F|  |TAMS 0x00000000a8200000, 0x00000000a8200000| Untracked 
|  43|0x00000000a8300000, 0x00000000a8300000, 0x00000000a8400000|  0%| F|  |TAMS 0x00000000a8300000, 0x00000000a8300000| Untracked 
|  44|0x00000000a8400000, 0x00000000a8400000, 0x00000000a8500000|  0%| F|  |TAMS 0x00000000a8400000, 0x00000000a8400000| Untracked 
|  45|0x00000000a8500000, 0x00000000a8500000, 0x00000000a8600000|  0%| F|  |TAMS 0x00000000a8500000, 0x00000000a8500000| Untracked 
|  46|0x00000000a8600000, 0x00000000a8600000, 0x00000000a8700000|  0%| F|  |TAMS 0x00000000a8600000, 0x00000000a8600000| Untracked 
|  47|0x00000000a8700000, 0x00000000a8700000, 0x00000000a8800000|  0%| F|  |TAMS 0x00000000a8700000, 0x00000000a8700000| Untracked 
|  48|0x00000000a8800000, 0x00000000a8800000, 0x00000000a8900000|  0%| F|  |TAMS 0x00000000a8800000, 0x00000000a8800000| Untracked 
|  49|0x00000000a8900000, 0x00000000a8900000, 0x00000000a8a00000|  0%| F|  |TAMS 0x00000000a8900000, 0x00000000a8900000| Untracked 
|  50|0x00000000a8a00000, 0x00000000a8a00000, 0x00000000a8b00000|  0%| F|  |TAMS 0x00000000a8a00000, 0x00000000a8a00000| Untracked 
|  51|0x00000000a8b00000, 0x00000000a8b00000, 0x00000000a8c00000|  0%| F|  |TAMS 0x00000000a8b00000, 0x00000000a8b00000| Untracked 
|  52|0x00000000a8c00000, 0x00000000a8c00000, 0x00000000a8d00000|  0%| F|  |TAMS 0x00000000a8c00000, 0x00000000a8c00000| Untracked 
|  53|0x00000000a8d00000, 0x00000000a8d00000, 0x00000000a8e00000|  0%| F|  |TAMS 0x00000000a8d00000, 0x00000000a8d00000| Untracked 
|  54|0x00000000a8e00000, 0x00000000a8e00000, 0x00000000a8f00000|  0%| F|  |TAMS 0x00000000a8e00000, 0x00000000a8e00000| Untracked 
|  55|0x00000000a8f00000, 0x00000000a8f00000, 0x00000000a9000000|  0%| F|  |TAMS 0x00000000a8f00000, 0x00000000a8f00000| Untracked 
|  56|0x00000000a9000000, 0x00000000a9000000, 0x00000000a9100000|  0%| F|  |TAMS 0x00000000a9000000, 0x00000000a9000000| Untracked 
|  57|0x00000000a9100000, 0x00000000a9100000, 0x00000000a9200000|  0%| F|  |TAMS 0x00000000a9100000, 0x00000000a9100000| Untracked 
|  58|0x00000000a9200000, 0x00000000a9200000, 0x00000000a9300000|  0%| F|  |TAMS 0x00000000a9200000, 0x00000000a9200000| Untracked 
|  59|0x00000000a9300000, 0x00000000a9300000, 0x00000000a9400000|  0%| F|  |TAMS 0x00000000a9300000, 0x00000000a9300000| Untracked 
|  60|0x00000000a9400000, 0x00000000a9400000, 0x00000000a9500000|  0%| F|  |TAMS 0x00000000a9400000, 0x00000000a9400000| Untracked 
|  61|0x00000000a9500000, 0x00000000a9500000, 0x00000000a9600000|  0%| F|  |TAMS 0x00000000a9500000, 0x00000000a9500000| Untracked 
|  62|0x00000000a9600000, 0x00000000a9600000, 0x00000000a9700000|  0%| F|  |TAMS 0x00000000a9600000, 0x00000000a9600000| Untracked 
|  63|0x00000000a9700000, 0x00000000a9700000, 0x00000000a9800000|  0%| F|  |TAMS 0x00000000a9700000, 0x00000000a9700000| Untracked 
|  64|0x00000000a9800000, 0x00000000a9800000, 0x00000000a9900000|  0%| F|  |TAMS 0x00000000a9800000, 0x00000000a9800000| Untracked 
|  65|0x00000000a9900000, 0x00000000a9900000, 0x00000000a9a00000|  0%| F|  |TAMS 0x00000000a9900000, 0x00000000a9900000| Untracked 
|  66|0x00000000a9a00000, 0x00000000a9a00000, 0x00000000a9b00000|  0%| F|  |TAMS 0x00000000a9a00000, 0x00000000a9a00000| Untracked 
|  67|0x00000000a9b00000, 0x00000000a9b00000, 0x00000000a9c00000|  0%| F|  |TAMS 0x00000000a9b00000, 0x00000000a9b00000| Untracked 
|  68|0x00000000a9c00000, 0x00000000a9c00000, 0x00000000a9d00000|  0%| F|  |TAMS 0x00000000a9c00000, 0x00000000a9c00000| Untracked 
|  69|0x00000000a9d00000, 0x00000000a9d00000, 0x00000000a9e00000|  0%| F|  |TAMS 0x00000000a9d00000, 0x00000000a9d00000| Untracked 
|  70|0x00000000a9e00000, 0x00000000a9e00000, 0x00000000a9f00000|  0%| F|  |TAMS 0x00000000a9e00000, 0x00000000a9e00000| Untracked 
|  71|0x00000000a9f00000, 0x00000000a9f00000, 0x00000000aa000000|  0%| F|  |TAMS 0x00000000a9f00000, 0x00000000a9f00000| Untracked 
|  72|0x00000000aa000000, 0x00000000aa000000, 0x00000000aa100000|  0%| F|  |TAMS 0x00000000aa000000, 0x00000000aa000000| Untracked 
|  73|0x00000000aa100000, 0x00000000aa100000, 0x00000000aa200000|  0%| F|  |TAMS 0x00000000aa100000, 0x00000000aa100000| Untracked 
|  74|0x00000000aa200000, 0x00000000aa200000, 0x00000000aa300000|  0%| F|  |TAMS 0x00000000aa200000, 0x00000000aa200000| Untracked 
|  75|0x00000000aa300000, 0x00000000aa300000, 0x00000000aa400000|  0%| F|  |TAMS 0x00000000aa300000, 0x00000000aa300000| Untracked 
|  76|0x00000000aa400000, 0x00000000aa400000, 0x00000000aa500000|  0%| F|  |TAMS 0x00000000aa400000, 0x00000000aa400000| Untracked 
|  77|0x00000000aa500000, 0x00000000aa500000, 0x00000000aa600000|  0%| F|  |TAMS 0x00000000aa500000, 0x00000000aa500000| Untracked 
|  78|0x00000000aa600000, 0x00000000aa600000, 0x00000000aa700000|  0%| F|  |TAMS 0x00000000aa600000, 0x00000000aa600000| Untracked 
|  79|0x00000000aa700000, 0x00000000aa700000, 0x00000000aa800000|  0%| F|  |TAMS 0x00000000aa700000, 0x00000000aa700000| Untracked 
|  80|0x00000000aa800000, 0x00000000aa800000, 0x00000000aa900000|  0%| F|  |TAMS 0x00000000aa800000, 0x00000000aa800000| Untracked 
|  81|0x00000000aa900000, 0x00000000aa900000, 0x00000000aaa00000|  0%| F|  |TAMS 0x00000000aa900000, 0x00000000aa900000| Untracked 
|  82|0x00000000aaa00000, 0x00000000aaa00000, 0x00000000aab00000|  0%| F|  |TAMS 0x00000000aaa00000, 0x00000000aaa00000| Untracked 
|  83|0x00000000aab00000, 0x00000000aab00000, 0x00000000aac00000|  0%| F|  |TAMS 0x00000000aab00000, 0x00000000aab00000| Untracked 
|  84|0x00000000aac00000, 0x00000000aac00000, 0x00000000aad00000|  0%| F|  |TAMS 0x00000000aac00000, 0x00000000aac00000| Untracked 
|  85|0x00000000aad00000, 0x00000000aad48948, 0x00000000aae00000| 28%| E|  |TAMS 0x00000000aad00000, 0x00000000aad00000| Complete 
|  86|0x00000000aae00000, 0x00000000aaf00000, 0x00000000aaf00000|100%| E|CS|TAMS 0x00000000aae00000, 0x00000000aae00000| Complete 
|  87|0x00000000aaf00000, 0x00000000ab000000, 0x00000000ab000000|100%| E|CS|TAMS 0x00000000aaf00000, 0x00000000aaf00000| Complete 
|  88|0x00000000ab000000, 0x00000000ab100000, 0x00000000ab100000|100%| E|CS|TAMS 0x00000000ab000000, 0x00000000ab000000| Complete 
|  89|0x00000000ab100000, 0x00000000ab200000, 0x00000000ab200000|100%| E|CS|TAMS 0x00000000ab100000, 0x00000000ab100000| Complete 
|  90|0x00000000ab200000, 0x00000000ab300000, 0x00000000ab300000|100%| E|CS|TAMS 0x00000000ab200000, 0x00000000ab200000| Complete 
|  91|0x00000000ab300000, 0x00000000ab400000, 0x00000000ab400000|100%| E|CS|TAMS 0x00000000ab300000, 0x00000000ab300000| Complete 

Card table byte_map: [0x00007faba174b000,0x00007faba1a1f000] _byte_map_base: 0x00007faba121f000

Marking Bits (Prev, Next): (CMBitMap*) 0x00007fab9c0490e8, (CMBitMap*) 0x00007fab9c049120
 Prev Bits: [0x00007fab7e960000, 0x00007fab80000000)
 Next Bits: [0x00007fab7d2c0000, 0x00007fab7e960000)

Polling page: 0x00007faba6660000

Metaspace:

Usage:
  Non-class:      8,25 MB capacity,     8,17 MB (>99%) used,    75,95 KB ( <1%) free+waste,     7,69 KB ( <1%) overhead. 
      Class:    843,00 KB capacity,   804,85 KB ( 95%) used,    35,09 KB (  4%) free+waste,     3,06 KB ( <1%) overhead. 
       Both:      9,08 MB capacity,     8,96 MB ( 99%) used,   111,03 KB (  1%) free+waste,    10,75 KB ( <1%) overhead. 

Virtual space:
  Non-class space:       10,00 MB reserved,       8,50 MB ( 85%) committed 
      Class space:        1,00 GB reserved,     896,00 KB ( <1%) committed 
             Both:        1,01 GB reserved,       9,38 MB ( <1%) committed 

Chunk freelists:
   Non-Class:  73,00 KB
       Class:  21,00 KB
        Both:  94,00 KB

CodeHeap 'non-profiled nmethods': size=120032Kb used=142Kb max_used=142Kb free=119889Kb
 bounds [0x00007fab8c446000, 0x00007fab8c6b6000, 0x00007fab9397e000]
CodeHeap 'profiled nmethods': size=120032Kb used=898Kb max_used=898Kb free=119133Kb
 bounds [0x00007fab84f0e000, 0x00007fab8517e000, 0x00007fab8c446000]
CodeHeap 'non-nmethods': size=5696Kb used=1117Kb max_used=1130Kb free=4578Kb
 bounds [0x00007fab8497e000, 0x00007fab84bee000, 0x00007fab84f0e000]
 total_blobs=986 nmethods=500 adapters=272
 compilation: enabled
              stopped_count=0, restarted_count=0
 full_count=0

Compilation events (10 events):
Event: 364,511 Thread 0x00007fab9c199000 nmethod 506 0x00007fab8c468910 code [0x00007fab8c468ac0, 0x00007fab8c468bd0]
Event: 364,526 Thread 0x00007fab9c196800 nmethod 502 0x00007fab8c468c90 code [0x00007fab8c468e60, 0x00007fab8c469558]
Event: 452,441 Thread 0x00007fab9c199000  507       3       org.eclipse.jdt.launching.internal.org.objectweb.asm.ClassReader::readCode (5089 bytes)
Event: 452,489 Thread 0x00007fab9c199000 nmethod 507 0x00007fab84fd0990 code [0x00007fab84fd1f60, 0x00007fab84fe5aa8]
Event: 452,489 Thread 0x00007fab9c199000  510       3       org.eclipse.jdt.launching.internal.org.objectweb.asm.Handler::getExceptionTableLength (21 bytes)
Event: 452,490 Thread 0x00007fab9c199000 nmethod 510 0x00007fab84f0e410 code [0x00007fab84f0e5c0, 0x00007fab84f0e7b0]
Event: 452,490 Thread 0x00007fab9c199000  509       3       org.eclipse.jdt.launching.internal.org.objectweb.asm.SymbolTable::addConstantClass (8 bytes)
Event: 452,490 Thread 0x00007fab9c199000 nmethod 509 0x00007fab84f0e010 code [0x00007fab84f0e1c0, 0x00007fab84f0e368]
Event: 452,490 Thread 0x00007fab9c199000  508       3       org.eclipse.jdt.launching.internal.org.objectweb.asm.ClassReader::getTypeAnnotationBytecodeOffset (34 bytes)
Event: 452,490 Thread 0x00007fab9c199000 nmethod 508 0x00007fab84f10e10 code [0x00007fab84f10fe0, 0x00007fab84f11390]

GC Heap History (0 events):
No events

Deoptimization events (0 events):
No events

Classes redefined (5 events):
Event: 123,326 Thread 0x00007fab9c176000 redefined class name=webcrawler.parser.fragments.node.ImageNode, count=1
Event: 130,953 Thread 0x00007fab9c176000 redefined class name=webcrawler.parser.fragments.node.ImageNode, count=2
Event: 157,830 Thread 0x00007fab9c176000 redefined class name=webcrawler.parser.fragments.node.ImageNode, count=3
Event: 364,510 Thread 0x00007fab9c176000 redefined class name=webcrawler.parser.Teste, count=1
Event: 452,444 Thread 0x00007fab9c176000 redefined class name=webcrawler.parser.Teste, count=2

Internal exceptions (1 events):
Event: 0,672 Thread 0x00007fab9c014000 Exception <a 'java/lang/NoSuchMethodError'{0x00000000aae8a2e0}: java.lang.invoke.DirectMethodHandle$Holder.invokeSpecialIFC(Ljava/lang/Object;Ljava/lang/Object;I)I> (0x00000000aae8a2e0) thrown at [/build/openjdk-lts-TkRlmw/openjdk-lts-11.0.3+7/src/hotspot

Events (10 events):
Event: 452,461 Executing VM operation: GetFrameCount done
Event: 452,461 Executing VM operation: GetStackTrace
Event: 452,461 Executing VM operation: GetStackTrace done
Event: 452,666 Executing VM operation: GetFrameCount
Event: 452,666 Executing VM operation: GetFrameCount done
Event: 452,666 Executing VM operation: GetOwnedMonitorInfo
Event: 452,666 Executing VM operation: GetOwnedMonitorInfo done
Event: 452,666 Executing VM operation: GetCurrentContendedMonitor
Event: 452,666 Executing VM operation: GetCurrentContendedMonitor done
Event: 457,103 Executing VM operation: GetOrSetLocal


Dynamic libraries:
a5800000-ab400000 rw-p 00000000 00:00 0 
ab400000-100000000 ---p 00000000 00:00 0 
100000000-1000e0000 rw-p 00000000 00:00 0 
1000e0000-140000000 ---p 00000000 00:00 0 
55e2a4ac1000-55e2a4ac2000 r-xp 00000000 08:01 3935837                    /usr/lib/jvm/java-11-openjdk-amd64/bin/java
55e2a4cc2000-55e2a4cc3000 r--p 00001000 08:01 3935837                    /usr/lib/jvm/java-11-openjdk-amd64/bin/java
55e2a4cc3000-55e2a4cc4000 rw-p 00002000 08:01 3935837                    /usr/lib/jvm/java-11-openjdk-amd64/bin/java
55e2a5777000-55e2a5798000 rw-p 00000000 00:00 0                          [heap]
7fab34000000-7fab34021000 rw-p 00000000 00:00 0 
7fab34021000-7fab38000000 ---p 00000000 00:00 0 
7fab38000000-7fab38021000 rw-p 00000000 00:00 0 
7fab38021000-7fab3c000000 ---p 00000000 00:00 0 
7fab3c000000-7fab3c021000 rw-p 00000000 00:00 0 
7fab3c021000-7fab40000000 ---p 00000000 00:00 0 
7fab40000000-7fab40021000 rw-p 00000000 00:00 0 
7fab40021000-7fab44000000 ---p 00000000 00:00 0 
7fab44000000-7fab44021000 rw-p 00000000 00:00 0 
7fab44021000-7fab48000000 ---p 00000000 00:00 0 
7fab48000000-7fab4803a000 rw-p 00000000 00:00 0 
7fab4803a000-7fab4c000000 ---p 00000000 00:00 0 
7fab4c000000-7fab4c893000 rw-p 00000000 00:00 0 
7fab4c893000-7fab50000000 ---p 00000000 00:00 0 
7fab50000000-7fab50021000 rw-p 00000000 00:00 0 
7fab50021000-7fab54000000 ---p 00000000 00:00 0 
7fab54000000-7fab54021000 rw-p 00000000 00:00 0 
7fab54021000-7fab58000000 ---p 00000000 00:00 0 
7fab58000000-7fab58244000 rw-p 00000000 00:00 0 
7fab58244000-7fab5c000000 ---p 00000000 00:00 0 
7fab5c000000-7fab5c021000 rw-p 00000000 00:00 0 
7fab5c021000-7fab60000000 ---p 00000000 00:00 0 
7fab60000000-7fab60021000 rw-p 00000000 00:00 0 
7fab60021000-7fab64000000 ---p 00000000 00:00 0 
7fab64000000-7fab64021000 rw-p 00000000 00:00 0 
7fab64021000-7fab68000000 ---p 00000000 00:00 0 
7fab68000000-7fab68023000 rw-p 00000000 00:00 0 
7fab68023000-7fab6c000000 ---p 00000000 00:00 0 
7fab6c000000-7fab6c021000 rw-p 00000000 00:00 0 
7fab6c021000-7fab70000000 ---p 00000000 00:00 0 
7fab70000000-7fab70021000 rw-p 00000000 00:00 0 
7fab70021000-7fab74000000 ---p 00000000 00:00 0 
7fab76000000-7fab78000000 rw-p 00000000 00:00 0 
7fab78000000-7fab78021000 rw-p 00000000 00:00 0 
7fab78021000-7fab7c000000 ---p 00000000 00:00 0 
7fab7c68d000-7fab7c70d000 rw-p 00000000 00:00 0 
7fab7c70d000-7fab7c88d000 ---p 00000000 00:00 0 
7fab7c88d000-7fab7c88e000 ---p 00000000 00:00 0 
7fab7c88e000-7fab7c98f000 rw-p 00000000 00:00 0 
7fab7c98f000-7fab7c993000 ---p 00000000 00:00 0 
7fab7c993000-7fab7ca90000 rw-p 00000000 00:00 0 
7fab7ca90000-7fab7caa6000 r-xp 00000000 08:01 3936544                    /usr/lib/jvm/java-11-openjdk-amd64/lib/libnet.so
7fab7caa6000-7fab7cca5000 ---p 00016000 08:01 3936544                    /usr/lib/jvm/java-11-openjdk-amd64/lib/libnet.so
7fab7cca5000-7fab7cca6000 r--p 00015000 08:01 3936544                    /usr/lib/jvm/java-11-openjdk-amd64/lib/libnet.so
7fab7cca6000-7fab7cca7000 rw-p 00016000 08:01 3936544                    /usr/lib/jvm/java-11-openjdk-amd64/lib/libnet.so
7fab7cca7000-7fab7ccb7000 r-xp 00000000 08:01 3936545                    /usr/lib/jvm/java-11-openjdk-amd64/lib/libnio.so
7fab7ccb7000-7fab7ceb6000 ---p 00010000 08:01 3936545                    /usr/lib/jvm/java-11-openjdk-amd64/lib/libnio.so
7fab7ceb6000-7fab7ceb7000 r--p 0000f000 08:01 3936545                    /usr/lib/jvm/java-11-openjdk-amd64/lib/libnio.so
7fab7ceb7000-7fab7ceb8000 rw-p 00010000 08:01 3936545                    /usr/lib/jvm/java-11-openjdk-amd64/lib/libnio.so
7fab7ceb8000-7fab7cebc000 ---p 00000000 00:00 0 
7fab7cebc000-7fab7cfb9000 rw-p 00000000 00:00 0 
7fab7cfb9000-7fab7cfbd000 ---p 00000000 00:00 0 
7fab7cfbd000-7fab7d0ba000 rw-p 00000000 00:00 0 
7fab7d0ba000-7fab7d0be000 r-xp 00000000 08:01 3936522                    /usr/lib/jvm/java-11-openjdk-amd64/lib/libdt_socket.so
7fab7d0be000-7fab7d2be000 ---p 00004000 08:01 3936522                    /usr/lib/jvm/java-11-openjdk-amd64/lib/libdt_socket.so
7fab7d2be000-7fab7d2bf000 r--p 00004000 08:01 3936522                    /usr/lib/jvm/java-11-openjdk-amd64/lib/libdt_socket.so
7fab7d2bf000-7fab7d2c0000 rw-p 00005000 08:01 3936522                    /usr/lib/jvm/java-11-openjdk-amd64/lib/libdt_socket.so
7fab7d2c0000-7fab7d430000 rw-p 00000000 00:00 0 
7fab7d430000-7fab7e960000 ---p 00000000 00:00 0 
7fab7e960000-7fab7ead0000 rw-p 00000000 00:00 0 
7fab7ead0000-7fab80000000 ---p 00000000 00:00 0 
7fab80000000-7fab80021000 rw-p 00000000 00:00 0 
7fab80021000-7fab84000000 ---p 00000000 00:00 0 
7fab84098000-7fab8409c000 ---p 00000000 00:00 0 
7fab8409c000-7fab84199000 rw-p 00000000 00:00 0 
7fab84199000-7fab8419d000 ---p 00000000 00:00 0 
7fab8419d000-7fab8429a000 rw-p 00000000 00:00 0 
7fab8429a000-7fab8429e000 ---p 00000000 00:00 0 
7fab8429e000-7fab8439b000 rw-p 00000000 00:00 0 
7fab8439b000-7fab8439f000 ---p 00000000 00:00 0 
7fab8439f000-7fab8449c000 rw-p 00000000 00:00 0 
7fab8449c000-7fab844a0000 ---p 00000000 00:00 0 
7fab844a0000-7fab8459d000 rw-p 00000000 00:00 0 
7fab8459d000-7fab845a1000 ---p 00000000 00:00 0 
7fab845a1000-7fab8469e000 rw-p 00000000 00:00 0 
7fab8469e000-7fab8497e000 r--p 00000000 08:01 3939081                    /usr/lib/locale/locale-archive
7fab8497e000-7fab84bee000 rwxp 00000000 00:00 0 
7fab84bee000-7fab84f0e000 ---p 00000000 00:00 0 
7fab84f0e000-7fab8517e000 rwxp 00000000 00:00 0 
7fab8517e000-7fab8c446000 ---p 00000000 00:00 0 
7fab8c446000-7fab8c6b6000 rwxp 00000000 00:00 0 
7fab8c6b6000-7fab9397e000 ---p 00000000 00:00 0 
7fab9397e000-7fab9c000000 r--s 00000000 08:01 3936554                    /usr/lib/jvm/java-11-openjdk-amd64/lib/modules
7fab9c000000-7fab9c42e000 rw-p 00000000 00:00 0 
7fab9c42e000-7faba0000000 ---p 00000000 00:00 0 
7faba00e6000-7faba00ea000 ---p 00000000 00:00 0 
7faba00ea000-7faba01e7000 rw-p 00000000 00:00 0 
7faba01e7000-7faba01eb000 ---p 00000000 00:00 0 
7faba01eb000-7faba02e8000 rw-p 00000000 00:00 0 
7faba02e8000-7faba02e9000 ---p 00000000 00:00 0 
7faba02e9000-7faba0c6b000 rw-p 00000000 00:00 0 
7faba0c6b000-7faba0c6c000 ---p 00000000 00:00 0 
7faba0c6c000-7faba0d6d000 rw-p 00000000 00:00 0 
7faba0d6d000-7faba0d6e000 ---p 00000000 00:00 0 
7faba0d6e000-7faba1273000 rw-p 00000000 00:00 0 
7faba1273000-7faba1274000 ---p 00000000 00:00 0 
7faba1274000-7faba1375000 rw-p 00000000 00:00 0 
7faba1375000-7faba1376000 ---p 00000000 00:00 0 
7faba1376000-7faba14a5000 rw-p 00000000 00:00 0 
7faba14a5000-7faba174b000 ---p 00000000 00:00 0 
7faba174b000-7faba1779000 rw-p 00000000 00:00 0 
7faba1779000-7faba1a1f000 ---p 00000000 00:00 0 
7faba1a1f000-7faba1a4d000 rw-p 00000000 00:00 0 
7faba1a4d000-7faba1cf3000 ---p 00000000 00:00 0 
7faba1cf3000-7faba20f7000 rw-p 00000000 00:00 0 
7faba20f7000-7faba20f8000 ---p 00000000 00:00 0 
7faba20f8000-7faba21fe000 rw-p 00000000 00:00 0 
7faba21fe000-7faba22e4000 ---p 00000000 00:00 0 
7faba22e4000-7faba22e9000 rw-p 00000000 00:00 0 
7faba22e9000-7faba23cf000 ---p 00000000 00:00 0 
7faba23cf000-7faba23d4000 r-xp 00000000 08:01 3936536                    /usr/lib/jvm/java-11-openjdk-amd64/lib/libjimage.so
7faba23d4000-7faba25d3000 ---p 00005000 08:01 3936536                    /usr/lib/jvm/java-11-openjdk-amd64/lib/libjimage.so
7faba25d3000-7faba25d4000 r--p 00004000 08:01 3936536                    /usr/lib/jvm/java-11-openjdk-amd64/lib/libjimage.so
7faba25d4000-7faba25d5000 rw-p 00005000 08:01 3936536                    /usr/lib/jvm/java-11-openjdk-amd64/lib/libjimage.so
7faba25d5000-7faba25dc000 r-xp 00000000 08:01 3936553                    /usr/lib/jvm/java-11-openjdk-amd64/lib/libzip.so
7faba25dc000-7faba27db000 ---p 00007000 08:01 3936553                    /usr/lib/jvm/java-11-openjdk-amd64/lib/libzip.so
7faba27db000-7faba27dc000 r--p 00006000 08:01 3936553                    /usr/lib/jvm/java-11-openjdk-amd64/lib/libzip.so
7faba27dc000-7faba27dd000 rw-p 00007000 08:01 3936553                    /usr/lib/jvm/java-11-openjdk-amd64/lib/libzip.so
7faba27dd000-7faba27e8000 r-xp 00000000 08:01 3544135                    /lib/x86_64-linux-gnu/libnss_files-2.27.so
7faba27e8000-7faba29e7000 ---p 0000b000 08:01 3544135                    /lib/x86_64-linux-gnu/libnss_files-2.27.so
7faba29e7000-7faba29e8000 r--p 0000a000 08:01 3544135                    /lib/x86_64-linux-gnu/libnss_files-2.27.so
7faba29e8000-7faba29e9000 rw-p 0000b000 08:01 3544135                    /lib/x86_64-linux-gnu/libnss_files-2.27.so
7faba29e9000-7faba29ef000 rw-p 00000000 00:00 0 
7faba29ef000-7faba2a06000 r-xp 00000000 08:01 3544129                    /lib/x86_64-linux-gnu/libnsl-2.27.so
7faba2a06000-7faba2c05000 ---p 00017000 08:01 3544129                    /lib/x86_64-linux-gnu/libnsl-2.27.so
7faba2c05000-7faba2c06000 r--p 00016000 08:01 3544129                    /lib/x86_64-linux-gnu/libnsl-2.27.so
7faba2c06000-7faba2c07000 rw-p 00017000 08:01 3544129                    /lib/x86_64-linux-gnu/libnsl-2.27.so
7faba2c07000-7faba2c09000 rw-p 00000000 00:00 0 
7faba2c09000-7faba2c14000 r-xp 00000000 08:01 3544146                    /lib/x86_64-linux-gnu/libnss_nis-2.27.so
7faba2c14000-7faba2e13000 ---p 0000b000 08:01 3544146                    /lib/x86_64-linux-gnu/libnss_nis-2.27.so
7faba2e13000-7faba2e14000 r--p 0000a000 08:01 3544146                    /lib/x86_64-linux-gnu/libnss_nis-2.27.so
7faba2e14000-7faba2e15000 rw-p 0000b000 08:01 3544146                    /lib/x86_64-linux-gnu/libnss_nis-2.27.so
7faba2e15000-7faba2e1d000 r-xp 00000000 08:01 3544131                    /lib/x86_64-linux-gnu/libnss_compat-2.27.so
7faba2e1d000-7faba301d000 ---p 00008000 08:01 3544131                    /lib/x86_64-linux-gnu/libnss_compat-2.27.so
7faba301d000-7faba301e000 r--p 00008000 08:01 3544131                    /lib/x86_64-linux-gnu/libnss_compat-2.27.so
7faba301e000-7faba301f000 rw-p 00009000 08:01 3544131                    /lib/x86_64-linux-gnu/libnss_compat-2.27.so
7faba301f000-7faba3029000 r-xp 00000000 08:01 3936525                    /usr/lib/jvm/java-11-openjdk-amd64/lib/libinstrument.so
7faba3029000-7faba3228000 ---p 0000a000 08:01 3936525                    /usr/lib/jvm/java-11-openjdk-amd64/lib/libinstrument.so
7faba3228000-7faba3229000 r--p 00009000 08:01 3936525                    /usr/lib/jvm/java-11-openjdk-amd64/lib/libinstrument.so
7faba3229000-7faba322a000 rw-p 0000a000 08:01 3936525                    /usr/lib/jvm/java-11-openjdk-amd64/lib/libinstrument.so
7faba322a000-7faba3265000 r-xp 00000000 08:01 3936535                    /usr/lib/jvm/java-11-openjdk-amd64/lib/libjdwp.so
7faba3265000-7faba3464000 ---p 0003b000 08:01 3936535                    /usr/lib/jvm/java-11-openjdk-amd64/lib/libjdwp.so
7faba3464000-7faba3465000 r--p 0003a000 08:01 3936535                    /usr/lib/jvm/java-11-openjdk-amd64/lib/libjdwp.so
7faba3465000-7faba3466000 rw-p 0003b000 08:01 3936535                    /usr/lib/jvm/java-11-openjdk-amd64/lib/libjdwp.so
7faba3466000-7faba348f000 r-xp 00000000 08:01 3936532                    /usr/lib/jvm/java-11-openjdk-amd64/lib/libjava.so
7faba348f000-7faba368e000 ---p 00029000 08:01 3936532                    /usr/lib/jvm/java-11-openjdk-amd64/lib/libjava.so
7faba368e000-7faba368f000 r--p 00028000 08:01 3936532                    /usr/lib/jvm/java-11-openjdk-amd64/lib/libjava.so
7faba368f000-7faba3691000 rw-p 00029000 08:01 3936532                    /usr/lib/jvm/java-11-openjdk-amd64/lib/libjava.so
7faba3691000-7faba369e000 r-xp 00000000 08:01 3936552                    /usr/lib/jvm/java-11-openjdk-amd64/lib/libverify.so
7faba369e000-7faba389d000 ---p 0000d000 08:01 3936552                    /usr/lib/jvm/java-11-openjdk-amd64/lib/libverify.so
7faba389d000-7faba389f000 r--p 0000c000 08:01 3936552                    /usr/lib/jvm/java-11-openjdk-amd64/lib/libverify.so
7faba389f000-7faba38a0000 rw-p 0000e000 08:01 3936552                    /usr/lib/jvm/java-11-openjdk-amd64/lib/libverify.so
7faba38a0000-7faba38a7000 r-xp 00000000 08:01 3544186                    /lib/x86_64-linux-gnu/librt-2.27.so
7faba38a7000-7faba3aa6000 ---p 00007000 08:01 3544186                    /lib/x86_64-linux-gnu/librt-2.27.so
7faba3aa6000-7faba3aa7000 r--p 00006000 08:01 3544186                    /lib/x86_64-linux-gnu/librt-2.27.so
7faba3aa7000-7faba3aa8000 rw-p 00007000 08:01 3544186                    /lib/x86_64-linux-gnu/librt-2.27.so
7faba3aa8000-7faba3abf000 r-xp 00000000 08:01 3538960                    /lib/x86_64-linux-gnu/libgcc_s.so.1
7faba3abf000-7faba3cbe000 ---p 00017000 08:01 3538960                    /lib/x86_64-linux-gnu/libgcc_s.so.1
7faba3cbe000-7faba3cbf000 r--p 00016000 08:01 3538960                    /lib/x86_64-linux-gnu/libgcc_s.so.1
7faba3cbf000-7faba3cc0000 rw-p 00017000 08:01 3538960                    /lib/x86_64-linux-gnu/libgcc_s.so.1
7faba3cc0000-7faba3e5d000 r-xp 00000000 08:01 3544108                    /lib/x86_64-linux-gnu/libm-2.27.so
7faba3e5d000-7faba405c000 ---p 0019d000 08:01 3544108                    /lib/x86_64-linux-gnu/libm-2.27.so
7faba405c000-7faba405d000 r--p 0019c000 08:01 3544108                    /lib/x86_64-linux-gnu/libm-2.27.so
7faba405d000-7faba405e000 rw-p 0019d000 08:01 3544108                    /lib/x86_64-linux-gnu/libm-2.27.so
7faba405e000-7faba41d7000 r-xp 00000000 08:01 3940816                    /usr/lib/x86_64-linux-gnu/libstdc++.so.6.0.25
7faba41d7000-7faba43d7000 ---p 00179000 08:01 3940816                    /usr/lib/x86_64-linux-gnu/libstdc++.so.6.0.25
7faba43d7000-7faba43e1000 r--p 00179000 08:01 3940816                    /usr/lib/x86_64-linux-gnu/libstdc++.so.6.0.25
7faba43e1000-7faba43e3000 rw-p 00183000 08:01 3940816                    /usr/lib/x86_64-linux-gnu/libstdc++.so.6.0.25
7faba43e3000-7faba43e7000 rw-p 00000000 00:00 0 
7faba43e7000-7faba54af000 r-xp 00000000 08:01 3936557                    /usr/lib/jvm/java-11-openjdk-amd64/lib/server/libjvm.so
7faba54af000-7faba56af000 ---p 010c8000 08:01 3936557                    /usr/lib/jvm/java-11-openjdk-amd64/lib/server/libjvm.so
7faba56af000-7faba576c000 r--p 010c8000 08:01 3936557                    /usr/lib/jvm/java-11-openjdk-amd64/lib/server/libjvm.so
7faba576c000-7faba57a5000 rw-p 01185000 08:01 3936557                    /usr/lib/jvm/java-11-openjdk-amd64/lib/server/libjvm.so
7faba57a5000-7faba57fb000 rw-p 00000000 00:00 0 
7faba57fb000-7faba5815000 r-xp 00000000 08:01 3544178                    /lib/x86_64-linux-gnu/libpthread-2.27.so
7faba5815000-7faba5a14000 ---p 0001a000 08:01 3544178                    /lib/x86_64-linux-gnu/libpthread-2.27.so
7faba5a14000-7faba5a15000 r--p 00019000 08:01 3544178                    /lib/x86_64-linux-gnu/libpthread-2.27.so
7faba5a15000-7faba5a16000 rw-p 0001a000 08:01 3544178                    /lib/x86_64-linux-gnu/libpthread-2.27.so
7faba5a16000-7faba5a1a000 rw-p 00000000 00:00 0 
7faba5a1a000-7faba5a1d000 r-xp 00000000 08:01 3544068                    /lib/x86_64-linux-gnu/libdl-2.27.so
7faba5a1d000-7faba5c1c000 ---p 00003000 08:01 3544068                    /lib/x86_64-linux-gnu/libdl-2.27.so
7faba5c1c000-7faba5c1d000 r--p 00002000 08:01 3544068                    /lib/x86_64-linux-gnu/libdl-2.27.so
7faba5c1d000-7faba5c1e000 rw-p 00003000 08:01 3544068                    /lib/x86_64-linux-gnu/libdl-2.27.so
7faba5c1e000-7faba5c3a000 r-xp 00000000 08:01 3544219                    /lib/x86_64-linux-gnu/libz.so.1.2.11
7faba5c3a000-7faba5e39000 ---p 0001c000 08:01 3544219                    /lib/x86_64-linux-gnu/libz.so.1.2.11
7faba5e39000-7faba5e3a000 r--p 0001b000 08:01 3544219                    /lib/x86_64-linux-gnu/libz.so.1.2.11
7faba5e3a000-7faba5e3b000 rw-p 0001c000 08:01 3544219                    /lib/x86_64-linux-gnu/libz.so.1.2.11
7faba5e3b000-7faba6022000 r-xp 00000000 08:01 3544045                    /lib/x86_64-linux-gnu/libc-2.27.so
7faba6022000-7faba6222000 ---p 001e7000 08:01 3544045                    /lib/x86_64-linux-gnu/libc-2.27.so
7faba6222000-7faba6226000 r--p 001e7000 08:01 3544045                    /lib/x86_64-linux-gnu/libc-2.27.so
7faba6226000-7faba6228000 rw-p 001eb000 08:01 3544045                    /lib/x86_64-linux-gnu/libc-2.27.so
7faba6228000-7faba622c000 rw-p 00000000 00:00 0 
7faba622c000-7faba623b000 r-xp 00000000 08:01 3936515                    /usr/lib/jvm/java-11-openjdk-amd64/lib/jli/libjli.so
7faba623b000-7faba643b000 ---p 0000f000 08:01 3936515                    /usr/lib/jvm/java-11-openjdk-amd64/lib/jli/libjli.so
7faba643b000-7faba643c000 r--p 0000f000 08:01 3936515                    /usr/lib/jvm/java-11-openjdk-amd64/lib/jli/libjli.so
7faba643c000-7faba643d000 rw-p 00010000 08:01 3936515                    /usr/lib/jvm/java-11-openjdk-amd64/lib/jli/libjli.so
7faba643d000-7faba6464000 r-xp 00000000 08:01 3544017                    /lib/x86_64-linux-gnu/ld-2.27.so
7faba64b1000-7faba64b8000 r--s 00000000 08:01 266721                     /usr/lib/x86_64-linux-gnu/gconv/gconv-modules.cache
7faba64b8000-7faba6544000 rw-p 00000000 00:00 0 
7faba6544000-7faba6548000 ---p 00000000 00:00 0 
7faba6548000-7faba6647000 rw-p 00000000 00:00 0 
7faba664a000-7faba664f000 rw-p 00000000 00:00 0 
7faba664f000-7faba6656000 ---p 00000000 00:00 0 
7faba6656000-7faba6658000 r--s 00007000 08:01 406716                     /usr/share/java/java-atk-wrapper.jar
7faba6658000-7faba6660000 rw-s 00000000 08:01 3807505                    /tmp/hsperfdata_everton/9097
7faba6660000-7faba6661000 ---p 00000000 00:00 0 
7faba6661000-7faba6662000 r--p 00000000 00:00 0 
7faba6662000-7faba6664000 rw-p 00000000 00:00 0 
7faba6664000-7faba6665000 r--p 00027000 08:01 3544017                    /lib/x86_64-linux-gnu/ld-2.27.so
7faba6665000-7faba6666000 rw-p 00028000 08:01 3544017                    /lib/x86_64-linux-gnu/ld-2.27.so
7faba6666000-7faba6667000 rw-p 00000000 00:00 0 
7fff52534000-7fff52555000 rw-p 00000000 00:00 0                          [stack]
7fff525d4000-7fff525d7000 r--p 00000000 00:00 0                          [vvar]
7fff525d7000-7fff525d9000 r-xp 00000000 00:00 0                          [vdso]
ffffffffff600000-ffffffffff601000 r-xp 00000000 00:00 0                  [vsyscall]


VM Arguments:
jvm_args: -agentlib:jdwp=transport=dt_socket,suspend=y,address=localhost:46107 -javaagent:/home/everton/Downloads/eclipse-linux-x64/configuration/org.eclipse.osgi/219/0/.cp/lib/javaagent-shaded.jar -Dfile.encoding=UTF-8 
java_command: webcrawler.parser.Teste
java_class_path (initial): /home/everton/git/Navegador/Navegador/bin:/home/everton/Downloads/eclipse-linux-x64/plugins/org.junit_4.12.0.v201504281640/junit.jar:/home/everton/Downloads/eclipse-linux-x64/plugins/org.hamcrest.core_1.3.0.v20180420-1519.jar:/home/everton/git/Navegador/Navegador/src/gui/laf/material-ui-swing-0.9.6.jar:/home/everton/git/Navegador/Navegador/miglayout15-swing.jar:/home/everton/git/Navegador/Navegador/jgoodies-forms-1.8.0.jar
Launcher Type: SUN_STANDARD

[Global flags]
     intx CICompilerCount                          = 3                                         {product} {ergonomic}
     uint ConcGCThreads                            = 1                                         {product} {ergonomic}
     uint G1ConcRefinementThreads                  = 4                                         {product} {ergonomic}
   size_t G1HeapRegionSize                         = 1048576                                   {product} {ergonomic}
    uintx GCDrainStackTargetSize                   = 64                                        {product} {ergonomic}
   size_t InitialHeapSize                          = 96468992                                  {product} {ergonomic}
   size_t MarkStackSize                            = 4194304                                   {product} {ergonomic}
   size_t MaxHeapSize                              = 1518338048                                {product} {ergonomic}
   size_t MaxNewSize                               = 910163968                                 {product} {ergonomic}
   size_t MinHeapDeltaBytes                        = 1048576                                   {product} {ergonomic}
    uintx NonNMethodCodeHeapSize                   = 5830092                                {pd product} {ergonomic}
    uintx NonProfiledCodeHeapSize                  = 122914074                              {pd product} {ergonomic}
    uintx ProfiledCodeHeapSize                     = 122914074                              {pd product} {ergonomic}
    uintx ReservedCodeCacheSize                    = 251658240                              {pd product} {ergonomic}
     bool SegmentedCodeCache                       = true                                      {product} {ergonomic}
     bool UseCompressedClassPointers               = true                                 {lp64_product} {ergonomic}
     bool UseCompressedOops                        = true                                 {lp64_product} {ergonomic}
     bool UseG1GC                                  = true                                      {product} {ergonomic}

Logging:
Log output configuration:
 #0: stdout all=warning uptime,level,tags
 #1: stderr all=off uptime,level,tags

Environment Variables:
PATH=/usr/local/sbin:/usr/local/bin:/usr/sbin:/usr/bin:/sbin:/bin:/usr/games:/usr/local/games:/snap/bin
SHELL=/bin/bash
DISPLAY=:0

Signal Handlers:
SIGSEGV: [libjvm.so+0xde2f90], sa_mask[0]=11111111011111111101111111111110, sa_flags=SA_RESTART|SA_SIGINFO
SIGBUS: [libjvm.so+0xde2f90], sa_mask[0]=11111111011111111101111111111110, sa_flags=SA_RESTART|SA_SIGINFO
SIGFPE: [libjvm.so+0xde2f90], sa_mask[0]=11111111011111111101111111111110, sa_flags=SA_RESTART|SA_SIGINFO
SIGPIPE: [libjvm.so+0xbb85d0], sa_mask[0]=11111111011111111101111111111110, sa_flags=SA_RESTART|SA_SIGINFO
SIGXFSZ: [libjvm.so+0xbb85d0], sa_mask[0]=11111111011111111101111111111110, sa_flags=SA_RESTART|SA_SIGINFO
SIGILL: [libjvm.so+0xde2f90], sa_mask[0]=11111111011111111101111111111110, sa_flags=SA_RESTART|SA_SIGINFO
SIGUSR2: [libjvm.so+0xbb8470], sa_mask[0]=00100000000000000000000000000000, sa_flags=SA_RESTART|SA_SIGINFO
SIGHUP: [libjvm.so+0xbb87d0], sa_mask[0]=11111111011111111101111111111110, sa_flags=SA_RESTART|SA_SIGINFO
SIGINT: [libjvm.so+0xbb87d0], sa_mask[0]=11111111011111111101111111111110, sa_flags=SA_RESTART|SA_SIGINFO
SIGTERM: [libjvm.so+0xbb87d0], sa_mask[0]=11111111011111111101111111111110, sa_flags=SA_RESTART|SA_SIGINFO
SIGQUIT: [libjvm.so+0xbb87d0], sa_mask[0]=11111111011111111101111111111110, sa_flags=SA_RESTART|SA_SIGINFO


---------------  S Y S T E M  ---------------

OS:DISTRIB_ID=LinuxMint
DISTRIB_RELEASE=19.1
DISTRIB_CODENAME=tessa
DISTRIB_DESCRIPTION="Linux Mint 19.1 Tessa"
uname:Linux 4.15.0-20-generic #21-Ubuntu SMP Tue Apr 24 06:16:15 UTC 2018 x86_64
libc:glibc 2.27 NPTL 2.27 
rlimit: STACK 8192k, CORE 0k, NPROC 22189, NOFILE 1048576, AS infinity, DATA infinity, FSIZE infinity
load average:0,75 1,12 1,13

/proc/meminfo:
MemTotal:        5923868 kB
MemFree:          733404 kB
MemAvailable:    1265732 kB
Buffers:           37856 kB
Cached:          1164892 kB
SwapCached:        75048 kB
Active:          3820608 kB
Inactive:        1095440 kB
Active(anon):    3433280 kB
Inactive(anon):   764244 kB
Active(file):     387328 kB
Inactive(file):   331196 kB
Unevictable:          80 kB
Mlocked:              80 kB
SwapTotal:       2097148 kB
SwapFree:        1513212 kB
Dirty:               432 kB
Writeback:             0 kB
AnonPages:       3697416 kB
Mapped:           515788 kB
Shmem:            484220 kB
Slab:             111596 kB
SReclaimable:      51940 kB
SUnreclaim:        59656 kB
KernelStack:       14048 kB
PageTables:        66876 kB
NFS_Unstable:          0 kB
Bounce:                0 kB
WritebackTmp:          0 kB
CommitLimit:     5059080 kB
Committed_AS:   10909572 kB
VmallocTotal:   34359738367 kB
VmallocUsed:           0 kB
VmallocChunk:          0 kB
HardwareCorrupted:     0 kB
AnonHugePages:         0 kB
ShmemHugePages:        0 kB
ShmemPmdMapped:        0 kB
CmaTotal:              0 kB
CmaFree:               0 kB
HugePages_Total:       0
HugePages_Free:        0
HugePages_Rsvd:        0
HugePages_Surp:        0
Hugepagesize:       2048 kB
DirectMap4k:      423916 kB
DirectMap2M:     5685248 kB


/proc/sys/kernel/threads-max (system-wide limit on the number of threads):
44379


/proc/sys/vm/max_map_count (maximum number of memory map areas a process may have):
65530


/proc/sys/kernel/pid_max (system-wide limit on number of process identifiers):
32768



container (cgroup) information:
container_type: cgroupv1
cpu_cpuset_cpus: 0-3
cpu_memory_nodes: 0
active_processor_count: 4
cpu_quota: -1
cpu_period: 100000
cpu_shares: -1
memory_limit_in_bytes: -1
memory_and_swap_limit_in_bytes: -2
memory_soft_limit_in_bytes: -1
memory_usage_in_bytes: 5020545024
memory_max_usage_in_bytes: 0


CPU:total 4 (initial active 4) (2 cores per cpu, 2 threads per core) family 6 model 58 stepping 9, cmov, cx8, fxsr, mmx, sse, sse2, sse3, ssse3, sse4.1, sse4.2, popcnt, avx, aes, clmul, erms, ht, tsc, tscinvbit, tscinv
CPU Model and flags from /proc/cpuinfo:
model name	: Intel(R) Core(TM) i7-3537U CPU @ 2.00GHz
flags		: fpu vme de pse tsc msr pae mce cx8 apic sep mtrr pge mca cmov pat pse36 clflush dts acpi mmx fxsr sse sse2 ss ht tm pbe syscall nx rdtscp lm constant_tsc arch_perfmon pebs bts rep_good nopl xtopology nonstop_tsc cpuid aperfmperf pni pclmulqdq dtes64 monitor ds_cpl vmx est tm2 ssse3 cx16 xtpr pdcm pcid sse4_1 sse4_2 x2apic popcnt tsc_deadline_timer aes xsave avx f16c rdrand lahf_lm cpuid_fault epb pti tpr_shadow vnmi flexpriority ept vpid fsgsbase smep erms xsaveopt dtherm ida arat pln pts

Memory: 4k page, physical 5923868k(733404k free), swap 2097148k(1513212k free)

vm_info: OpenJDK 64-Bit Server VM (11.0.3+7-Ubuntu-1ubuntu218.04.1) for linux-amd64 JRE (11.0.3+7-Ubuntu-1ubuntu218.04.1), built on Apr 23 2019 18:34:35 by "buildd" with gcc 7.3.0

END.
